[21-Sep-2024 14:55:54 UTC] PHP Fatal error:  Uncaught Error: Using $this when not in object context in /home/zarghanb/zarghan-baner/bootstrap/app.php:14
Stack trace:
#0 /home/zarghanb/public_html/index.php(47): require_once()
#1 {main}
  thrown in /home/zarghanb/zarghan-baner/bootstrap/app.php on line 14
[21-Sep-2024 14:55:56 UTC] PHP Fatal error:  Uncaught Error: Using $this when not in object context in /home/zarghanb/zarghan-baner/bootstrap/app.php:14
Stack trace:
#0 /home/zarghanb/public_html/index.php(47): require_once()
#1 {main}
  thrown in /home/zarghanb/zarghan-baner/bootstrap/app.php on line 14
[21-Sep-2024 14:55:56 UTC] PHP Fatal error:  Uncaught Error: Using $this when not in object context in /home/zarghanb/zarghan-baner/bootstrap/app.php:14
Stack trace:
#0 /home/zarghanb/public_html/index.php(47): require_once()
#1 {main}
  thrown in /home/zarghanb/zarghan-baner/bootstrap/app.php on line 14
[21-Sep-2024 14:55:57 UTC] PHP Fatal error:  Uncaught Error: Using $this when not in object context in /home/zarghanb/zarghan-baner/bootstrap/app.php:14
Stack trace:
#0 /home/zarghanb/public_html/index.php(47): require_once()
#1 {main}
  thrown in /home/zarghanb/zarghan-baner/bootstrap/app.php on line 14
[21-Sep-2024 14:55:57 UTC] PHP Fatal error:  Uncaught Error: Using $this when not in object context in /home/zarghanb/zarghan-baner/bootstrap/app.php:14
Stack trace:
#0 /home/zarghanb/public_html/index.php(47): require_once()
#1 {main}
  thrown in /home/zarghanb/zarghan-baner/bootstrap/app.php on line 14
[21-Sep-2024 14:55:57 UTC] PHP Fatal error:  Uncaught Error: Using $this when not in object context in /home/zarghanb/zarghan-baner/bootstrap/app.php:14
Stack trace:
#0 /home/zarghanb/public_html/index.php(47): require_once()
#1 {main}
  thrown in /home/zarghanb/zarghan-baner/bootstrap/app.php on line 14
[21-Sep-2024 14:55:57 UTC] PHP Fatal error:  Uncaught Error: Using $this when not in object context in /home/zarghanb/zarghan-baner/bootstrap/app.php:14
Stack trace:
#0 /home/zarghanb/public_html/index.php(47): require_once()
#1 {main}
  thrown in /home/zarghanb/zarghan-baner/bootstrap/app.php on line 14
[21-Sep-2024 14:55:58 UTC] PHP Fatal error:  Uncaught Error: Using $this when not in object context in /home/zarghanb/zarghan-baner/bootstrap/app.php:14
Stack trace:
#0 /home/zarghanb/public_html/index.php(47): require_once()
#1 {main}
  thrown in /home/zarghanb/zarghan-baner/bootstrap/app.php on line 14
[21-Sep-2024 14:55:58 UTC] PHP Fatal error:  Uncaught Error: Using $this when not in object context in /home/zarghanb/zarghan-baner/bootstrap/app.php:14
Stack trace:
#0 /home/zarghanb/public_html/index.php(47): require_once()
#1 {main}
  thrown in /home/zarghanb/zarghan-baner/bootstrap/app.php on line 14
[21-Sep-2024 14:55:58 UTC] PHP Fatal error:  Uncaught Error: Using $this when not in object context in /home/zarghanb/zarghan-baner/bootstrap/app.php:14
Stack trace:
#0 /home/zarghanb/public_html/index.php(47): require_once()
#1 {main}
  thrown in /home/zarghanb/zarghan-baner/bootstrap/app.php on line 14
[21-Sep-2024 14:55:58 UTC] PHP Fatal error:  Uncaught Error: Using $this when not in object context in /home/zarghanb/zarghan-baner/bootstrap/app.php:14
Stack trace:
#0 /home/zarghanb/public_html/index.php(47): require_once()
#1 {main}
  thrown in /home/zarghanb/zarghan-baner/bootstrap/app.php on line 14
[21-Sep-2024 14:55:58 UTC] PHP Fatal error:  Uncaught Error: Using $this when not in object context in /home/zarghanb/zarghan-baner/bootstrap/app.php:14
Stack trace:
#0 /home/zarghanb/public_html/index.php(47): require_once()
#1 {main}
  thrown in /home/zarghanb/zarghan-baner/bootstrap/app.php on line 14
[21-Sep-2024 14:55:59 UTC] PHP Fatal error:  Uncaught Error: Using $this when not in object context in /home/zarghanb/zarghan-baner/bootstrap/app.php:14
Stack trace:
#0 /home/zarghanb/public_html/index.php(47): require_once()
#1 {main}
  thrown in /home/zarghanb/zarghan-baner/bootstrap/app.php on line 14
[21-Sep-2024 14:55:59 UTC] PHP Fatal error:  Uncaught Error: Using $this when not in object context in /home/zarghanb/zarghan-baner/bootstrap/app.php:14
Stack trace:
#0 /home/zarghanb/public_html/index.php(47): require_once()
#1 {main}
  thrown in /home/zarghanb/zarghan-baner/bootstrap/app.php on line 14
[21-Sep-2024 14:56:15 UTC] PHP Fatal error:  Uncaught Error: Using $this when not in object context in /home/zarghanb/zarghan-baner/bootstrap/app.php:20
Stack trace:
#0 /home/zarghanb/public_html/index.php(47): require_once()
#1 {main}
  thrown in /home/zarghanb/zarghan-baner/bootstrap/app.php on line 20
[21-Sep-2024 14:56:16 UTC] PHP Fatal error:  Uncaught Error: Using $this when not in object context in /home/zarghanb/zarghan-baner/bootstrap/app.php:20
Stack trace:
#0 /home/zarghanb/public_html/index.php(47): require_once()
#1 {main}
  thrown in /home/zarghanb/zarghan-baner/bootstrap/app.php on line 20
[22-Sep-2024 09:59:30 UTC] PHP Warning:  require_once(/home/zarghanb/public_html/../bootstrap/app.php): Failed to open stream: No such file or directory in /home/zarghanb/public_html/index.php on line 47
[22-Sep-2024 09:59:30 UTC] PHP Fatal error:  Uncaught Error: Failed opening required '/home/zarghanb/public_html/../bootstrap/app.php' (include_path='.:/opt/cpanel/ea-php83/root/usr/share/pear') in /home/zarghanb/public_html/index.php:47
Stack trace:
#0 {main}
  thrown in /home/zarghanb/public_html/index.php on line 47
[22-Sep-2024 09:59:42 UTC] PHP Warning:  require_once(/home/zarghanb/public_htmlbootstrap/app.php): Failed to open stream: No such file or directory in /home/zarghanb/public_html/index.php on line 47
[22-Sep-2024 09:59:42 UTC] PHP Fatal error:  Uncaught Error: Failed opening required '/home/zarghanb/public_htmlbootstrap/app.php' (include_path='.:/opt/cpanel/ea-php83/root/usr/share/pear') in /home/zarghanb/public_html/index.php:47
Stack trace:
#0 {main}
  thrown in /home/zarghanb/public_html/index.php on line 47
[22-Sep-2024 09:59:44 UTC] PHP Warning:  require_once(/home/zarghanb/public_htmlbootstrap/app.php): Failed to open stream: No such file or directory in /home/zarghanb/public_html/index.php on line 47
[22-Sep-2024 09:59:44 UTC] PHP Fatal error:  Uncaught Error: Failed opening required '/home/zarghanb/public_htmlbootstrap/app.php' (include_path='.:/opt/cpanel/ea-php83/root/usr/share/pear') in /home/zarghanb/public_html/index.php:47
Stack trace:
#0 {main}
  thrown in /home/zarghanb/public_html/index.php on line 47
[22-Sep-2024 09:59:48 UTC] PHP Warning:  require_once(/home/zarghanb/public_htmlbootstrap/app.php): Failed to open stream: No such file or directory in /home/zarghanb/public_html/index.php on line 47
[22-Sep-2024 09:59:48 UTC] PHP Fatal error:  Uncaught Error: Failed opening required '/home/zarghanb/public_htmlbootstrap/app.php' (include_path='.:/opt/cpanel/ea-php83/root/usr/share/pear') in /home/zarghanb/public_html/index.php:47
Stack trace:
#0 {main}
  thrown in /home/zarghanb/public_html/index.php on line 47
[22-Sep-2024 10:00:44 UTC] PHP Warning:  require(/home/zarghanb/public_html/public/../zarghan-baner/vendor/autoload.php): Failed to open stream: No such file or directory in /home/zarghanb/public_html/public/index.php on line 34
[22-Sep-2024 10:00:44 UTC] PHP Fatal error:  Uncaught Error: Failed opening required '/home/zarghanb/public_html/public/../zarghan-baner/vendor/autoload.php' (include_path='.:/opt/cpanel/ea-php83/root/usr/share/pear') in /home/zarghanb/public_html/public/index.php:34
Stack trace:
#0 {main}
  thrown in /home/zarghanb/public_html/public/index.php on line 34
[22-Sep-2024 10:00:45 UTC] PHP Warning:  require(/home/zarghanb/public_html/public/../zarghan-baner/vendor/autoload.php): Failed to open stream: No such file or directory in /home/zarghanb/public_html/public/index.php on line 34
[22-Sep-2024 10:00:45 UTC] PHP Fatal error:  Uncaught Error: Failed opening required '/home/zarghanb/public_html/public/../zarghan-baner/vendor/autoload.php' (include_path='.:/opt/cpanel/ea-php83/root/usr/share/pear') in /home/zarghanb/public_html/public/index.php:34
Stack trace:
#0 {main}
  thrown in /home/zarghanb/public_html/public/index.php on line 34
[22-Sep-2024 10:00:54 UTC] PHP Warning:  require(/home/zarghanb/public_html/public/../zarghan-baner/vendor/autoload.php): Failed to open stream: No such file or directory in /home/zarghanb/public_html/public/index.php on line 34
[22-Sep-2024 10:00:54 UTC] PHP Fatal error:  Uncaught Error: Failed opening required '/home/zarghanb/public_html/public/../zarghan-baner/vendor/autoload.php' (include_path='.:/opt/cpanel/ea-php83/root/usr/share/pear') in /home/zarghanb/public_html/public/index.php:34
Stack trace:
#0 {main}
  thrown in /home/zarghanb/public_html/public/index.php on line 34
[22-Sep-2024 10:00:55 UTC] PHP Warning:  require(/home/zarghanb/public_html/public/../zarghan-baner/vendor/autoload.php): Failed to open stream: No such file or directory in /home/zarghanb/public_html/public/index.php on line 34
[22-Sep-2024 10:00:55 UTC] PHP Fatal error:  Uncaught Error: Failed opening required '/home/zarghanb/public_html/public/../zarghan-baner/vendor/autoload.php' (include_path='.:/opt/cpanel/ea-php83/root/usr/share/pear') in /home/zarghanb/public_html/public/index.php:34
Stack trace:
#0 {main}
  thrown in /home/zarghanb/public_html/public/index.php on line 34
[22-Sep-2024 10:01:02 UTC] PHP Warning:  require(/home/zarghanb/public_html/public/../zarghan-baner/vendor/autoload.php): Failed to open stream: No such file or directory in /home/zarghanb/public_html/public/index.php on line 34
[22-Sep-2024 10:01:02 UTC] PHP Fatal error:  Uncaught Error: Failed opening required '/home/zarghanb/public_html/public/../zarghan-baner/vendor/autoload.php' (include_path='.:/opt/cpanel/ea-php83/root/usr/share/pear') in /home/zarghanb/public_html/public/index.php:34
Stack trace:
#0 {main}
  thrown in /home/zarghanb/public_html/public/index.php on line 34
[22-Sep-2024 10:01:28 UTC] PHP Warning:  require_once(/home/zarghanb/public_htmlbootstrap/app.php): Failed to open stream: No such file or directory in /home/zarghanb/public_html/index.php on line 47
[22-Sep-2024 10:01:28 UTC] PHP Fatal error:  Uncaught Error: Failed opening required '/home/zarghanb/public_htmlbootstrap/app.php' (include_path='.:/opt/cpanel/ea-php83/root/usr/share/pear') in /home/zarghanb/public_html/index.php:47
Stack trace:
#0 {main}
  thrown in /home/zarghanb/public_html/index.php on line 47
[22-Sep-2024 10:02:06 UTC] PHP Warning:  require_once(/home/zarghanb/public_htmlbootstrap/app.php): Failed to open stream: No such file or directory in /home/zarghanb/public_html/index.php on line 47
[22-Sep-2024 10:02:06 UTC] PHP Fatal error:  Uncaught Error: Failed opening required '/home/zarghanb/public_htmlbootstrap/app.php' (include_path='.:/opt/cpanel/ea-php83/root/usr/share/pear') in /home/zarghanb/public_html/index.php:47
Stack trace:
#0 {main}
  thrown in /home/zarghanb/public_html/index.php on line 47
[22-Sep-2024 10:02:10 UTC] PHP Warning:  require_once(/home/zarghanb/public_htmlbootstrap/app.php): Failed to open stream: No such file or directory in /home/zarghanb/public_html/index.php on line 47
[22-Sep-2024 10:02:10 UTC] PHP Fatal error:  Uncaught Error: Failed opening required '/home/zarghanb/public_htmlbootstrap/app.php' (include_path='.:/opt/cpanel/ea-php83/root/usr/share/pear') in /home/zarghanb/public_html/index.php:47
Stack trace:
#0 {main}
  thrown in /home/zarghanb/public_html/index.php on line 47
[22-Sep-2024 10:02:11 UTC] PHP Warning:  require_once(/home/zarghanb/public_htmlbootstrap/app.php): Failed to open stream: No such file or directory in /home/zarghanb/public_html/index.php on line 47
[22-Sep-2024 10:02:11 UTC] PHP Fatal error:  Uncaught Error: Failed opening required '/home/zarghanb/public_htmlbootstrap/app.php' (include_path='.:/opt/cpanel/ea-php83/root/usr/share/pear') in /home/zarghanb/public_html/index.php:47
Stack trace:
#0 {main}
  thrown in /home/zarghanb/public_html/index.php on line 47
[22-Sep-2024 10:02:14 UTC] PHP Warning:  require_once(/home/zarghanb/public_htmlbootstrap/app.php): Failed to open stream: No such file or directory in /home/zarghanb/public_html/index.php on line 47
[22-Sep-2024 10:02:14 UTC] PHP Fatal error:  Uncaught Error: Failed opening required '/home/zarghanb/public_htmlbootstrap/app.php' (include_path='.:/opt/cpanel/ea-php83/root/usr/share/pear') in /home/zarghanb/public_html/index.php:47
Stack trace:
#0 {main}
  thrown in /home/zarghanb/public_html/index.php on line 47
[22-Sep-2024 10:03:14 UTC] PHP Fatal error:  Uncaught Error: Failed opening required '/home/zarghanb/zarghan-baner/bootstrap/app.php' (include_path='.:/opt/cpanel/ea-php83/root/usr/share/pear') in /home/zarghanb/public_html/index.php:47
Stack trace:
#0 {main}
  thrown in /home/zarghanb/public_html/index.php on line 47
[22-Sep-2024 10:03:34 UTC] PHP Warning:  require(/home/zarghanb/public_html./vendor/autoload.php): Failed to open stream: No such file or directory in /home/zarghanb/public_html/index.php on line 34
[22-Sep-2024 10:03:34 UTC] PHP Fatal error:  Uncaught Error: Failed opening required '/home/zarghanb/public_html./vendor/autoload.php' (include_path='.:/opt/cpanel/ea-php83/root/usr/share/pear') in /home/zarghanb/public_html/index.php:34
Stack trace:
#0 {main}
  thrown in /home/zarghanb/public_html/index.php on line 34
[22-Sep-2024 10:03:35 UTC] PHP Warning:  require(/home/zarghanb/public_html./vendor/autoload.php): Failed to open stream: No such file or directory in /home/zarghanb/public_html/index.php on line 34
[22-Sep-2024 10:03:35 UTC] PHP Fatal error:  Uncaught Error: Failed opening required '/home/zarghanb/public_html./vendor/autoload.php' (include_path='.:/opt/cpanel/ea-php83/root/usr/share/pear') in /home/zarghanb/public_html/index.php:34
Stack trace:
#0 {main}
  thrown in /home/zarghanb/public_html/index.php on line 34
[22-Sep-2024 10:03:38 UTC] PHP Warning:  require(/home/zarghanb/public_html./vendor/autoload.php): Failed to open stream: No such file or directory in /home/zarghanb/public_html/index.php on line 34
[22-Sep-2024 10:03:38 UTC] PHP Fatal error:  Uncaught Error: Failed opening required '/home/zarghanb/public_html./vendor/autoload.php' (include_path='.:/opt/cpanel/ea-php83/root/usr/share/pear') in /home/zarghanb/public_html/index.php:34
Stack trace:
#0 {main}
  thrown in /home/zarghanb/public_html/index.php on line 34
[22-Sep-2024 10:03:39 UTC] PHP Warning:  require(/home/zarghanb/public_html./vendor/autoload.php): Failed to open stream: No such file or directory in /home/zarghanb/public_html/index.php on line 34
[22-Sep-2024 10:03:39 UTC] PHP Fatal error:  Uncaught Error: Failed opening required '/home/zarghanb/public_html./vendor/autoload.php' (include_path='.:/opt/cpanel/ea-php83/root/usr/share/pear') in /home/zarghanb/public_html/index.php:34
Stack trace:
#0 {main}
  thrown in /home/zarghanb/public_html/index.php on line 34
[22-Sep-2024 10:03:40 UTC] PHP Warning:  require(/home/zarghanb/public_html./vendor/autoload.php): Failed to open stream: No such file or directory in /home/zarghanb/public_html/index.php on line 34
[22-Sep-2024 10:03:40 UTC] PHP Fatal error:  Uncaught Error: Failed opening required '/home/zarghanb/public_html./vendor/autoload.php' (include_path='.:/opt/cpanel/ea-php83/root/usr/share/pear') in /home/zarghanb/public_html/index.php:34
Stack trace:
#0 {main}
  thrown in /home/zarghanb/public_html/index.php on line 34
[22-Sep-2024 10:03:41 UTC] PHP Warning:  require(/home/zarghanb/public_html./vendor/autoload.php): Failed to open stream: No such file or directory in /home/zarghanb/public_html/index.php on line 34
[22-Sep-2024 10:03:41 UTC] PHP Fatal error:  Uncaught Error: Failed opening required '/home/zarghanb/public_html./vendor/autoload.php' (include_path='.:/opt/cpanel/ea-php83/root/usr/share/pear') in /home/zarghanb/public_html/index.php:34
Stack trace:
#0 {main}
  thrown in /home/zarghanb/public_html/index.php on line 34
[22-Sep-2024 10:04:11 UTC] PHP Warning:  require_once(/home/zarghanb/public_html./bootstrap/app.php): Failed to open stream: No such file or directory in /home/zarghanb/public_html/index.php on line 47
[22-Sep-2024 10:04:11 UTC] PHP Fatal error:  Uncaught Error: Failed opening required '/home/zarghanb/public_html./bootstrap/app.php' (include_path='.:/opt/cpanel/ea-php83/root/usr/share/pear') in /home/zarghanb/public_html/index.php:47
Stack trace:
#0 {main}
  thrown in /home/zarghanb/public_html/index.php on line 47
[22-Sep-2024 10:04:12 UTC] PHP Warning:  require_once(/home/zarghanb/public_html./bootstrap/app.php): Failed to open stream: No such file or directory in /home/zarghanb/public_html/index.php on line 47
[22-Sep-2024 10:04:12 UTC] PHP Fatal error:  Uncaught Error: Failed opening required '/home/zarghanb/public_html./bootstrap/app.php' (include_path='.:/opt/cpanel/ea-php83/root/usr/share/pear') in /home/zarghanb/public_html/index.php:47
Stack trace:
#0 {main}
  thrown in /home/zarghanb/public_html/index.php on line 47
[22-Sep-2024 10:04:20 UTC] PHP Warning:  require_once(/home/zarghanb/public_htmlbootstrap/app.php): Failed to open stream: No such file or directory in /home/zarghanb/public_html/index.php on line 47
[22-Sep-2024 10:04:20 UTC] PHP Fatal error:  Uncaught Error: Failed opening required '/home/zarghanb/public_htmlbootstrap/app.php' (include_path='.:/opt/cpanel/ea-php83/root/usr/share/pear') in /home/zarghanb/public_html/index.php:47
Stack trace:
#0 {main}
  thrown in /home/zarghanb/public_html/index.php on line 47
[22-Sep-2024 10:04:20 UTC] PHP Warning:  require_once(/home/zarghanb/public_htmlbootstrap/app.php): Failed to open stream: No such file or directory in /home/zarghanb/public_html/index.php on line 47
[22-Sep-2024 10:04:20 UTC] PHP Fatal error:  Uncaught Error: Failed opening required '/home/zarghanb/public_htmlbootstrap/app.php' (include_path='.:/opt/cpanel/ea-php83/root/usr/share/pear') in /home/zarghanb/public_html/index.php:47
Stack trace:
#0 {main}
  thrown in /home/zarghanb/public_html/index.php on line 47
[22-Sep-2024 10:04:20 UTC] PHP Warning:  require_once(/home/zarghanb/public_htmlbootstrap/app.php): Failed to open stream: No such file or directory in /home/zarghanb/public_html/index.php on line 47
[22-Sep-2024 10:04:20 UTC] PHP Fatal error:  Uncaught Error: Failed opening required '/home/zarghanb/public_htmlbootstrap/app.php' (include_path='.:/opt/cpanel/ea-php83/root/usr/share/pear') in /home/zarghanb/public_html/index.php:47
Stack trace:
#0 {main}
  thrown in /home/zarghanb/public_html/index.php on line 47
[22-Sep-2024 10:04:32 UTC] PHP Fatal error:  Uncaught RuntimeException: A facade root has not been set. in /home/zarghanb/zarghan-baner/vendor/laravel/framework/src/Illuminate/Support/Facades/Facade.php:258
Stack trace:
#0 /home/zarghanb/zarghan-baner/vendor/laravel/framework/src/Illuminate/Foundation/Exceptions/RegisterErrorViewPaths.php(16): Illuminate\Support\Facades\Facade::__callStatic('replaceNamespac...', Array)
#1 /home/zarghanb/zarghan-baner/vendor/laravel/framework/src/Illuminate/Foundation/Exceptions/Handler.php(598): Illuminate\Foundation\Exceptions\RegisterErrorViewPaths->__invoke()
#2 /home/zarghanb/zarghan-baner/vendor/laravel/framework/src/Illuminate/Foundation/Exceptions/Handler.php(579): Illuminate\Foundation\Exceptions\Handler->registerErrorViewPaths()
#3 /home/zarghanb/zarghan-baner/vendor/laravel/framework/src/Illuminate/Foundation/Exceptions/Handler.php(490): Illuminate\Foundation\Exceptions\Handler->renderHttpException(Object(Symfony\Component\HttpKernel\Exception\HttpException))
#4 /home/zarghanb/zarghan-baner/vendor/laravel/framework/src/Illuminate/Foundation/Exceptions/Handler.php(356): Illuminate\Foundation\Exceptions\Handler->prepareResponse(Object(Illuminate\Http\Request), Object(Symfony\Component\HttpKernel\Exception\HttpException))
#5 /home/zarghanb/zarghan-baner/vendor/laravel/framework/src/Illuminate/Foundation/Http/Kernel.php(427): Illuminate\Foundation\Exceptions\Handler->render(Object(Illuminate\Http\Request), Object(Symfony\Component\Finder\Exception\DirectoryNotFoundException))
#6 /home/zarghanb/zarghan-baner/vendor/laravel/framework/src/Illuminate/Foundation/Http/Kernel.php(115): Illuminate\Foundation\Http\Kernel->renderException(Object(Illuminate\Http\Request), Object(Symfony\Component\Finder\Exception\DirectoryNotFoundException))
#7 /home/zarghanb/public_html/index.php(51): Illuminate\Foundation\Http\Kernel->handle(Object(Illuminate\Http\Request))
#8 {main}
  thrown in /home/zarghanb/zarghan-baner/vendor/laravel/framework/src/Illuminate/Support/Facades/Facade.php on line 258
[22-Sep-2024 10:04:33 UTC] PHP Fatal error:  Uncaught RuntimeException: A facade root has not been set. in /home/zarghanb/zarghan-baner/vendor/laravel/framework/src/Illuminate/Support/Facades/Facade.php:258
Stack trace:
#0 /home/zarghanb/zarghan-baner/vendor/laravel/framework/src/Illuminate/Foundation/Exceptions/RegisterErrorViewPaths.php(16): Illuminate\Support\Facades\Facade::__callStatic('replaceNamespac...', Array)
#1 /home/zarghanb/zarghan-baner/vendor/laravel/framework/src/Illuminate/Foundation/Exceptions/Handler.php(598): Illuminate\Foundation\Exceptions\RegisterErrorViewPaths->__invoke()
#2 /home/zarghanb/zarghan-baner/vendor/laravel/framework/src/Illuminate/Foundation/Exceptions/Handler.php(579): Illuminate\Foundation\Exceptions\Handler->registerErrorViewPaths()
#3 /home/zarghanb/zarghan-baner/vendor/laravel/framework/src/Illuminate/Foundation/Exceptions/Handler.php(490): Illuminate\Foundation\Exceptions\Handler->renderHttpException(Object(Symfony\Component\HttpKernel\Exception\HttpException))
#4 /home/zarghanb/zarghan-baner/vendor/laravel/framework/src/Illuminate/Foundation/Exceptions/Handler.php(356): Illuminate\Foundation\Exceptions\Handler->prepareResponse(Object(Illuminate\Http\Request), Object(Symfony\Component\HttpKernel\Exception\HttpException))
#5 /home/zarghanb/zarghan-baner/vendor/laravel/framework/src/Illuminate/Foundation/Http/Kernel.php(427): Illuminate\Foundation\Exceptions\Handler->render(Object(Illuminate\Http\Request), Object(Symfony\Component\Finder\Exception\DirectoryNotFoundException))
#6 /home/zarghanb/zarghan-baner/vendor/laravel/framework/src/Illuminate/Foundation/Http/Kernel.php(115): Illuminate\Foundation\Http\Kernel->renderException(Object(Illuminate\Http\Request), Object(Symfony\Component\Finder\Exception\DirectoryNotFoundException))
#7 /home/zarghanb/public_html/index.php(51): Illuminate\Foundation\Http\Kernel->handle(Object(Illuminate\Http\Request))
#8 {main}
  thrown in /home/zarghanb/zarghan-baner/vendor/laravel/framework/src/Illuminate/Support/Facades/Facade.php on line 258
[22-Sep-2024 10:06:02 UTC] PHP Fatal error:  Uncaught RuntimeException: A facade root has not been set. in /home/zarghanb/zarghan-baner/vendor/laravel/framework/src/Illuminate/Support/Facades/Facade.php:258
Stack trace:
#0 /home/zarghanb/zarghan-baner/vendor/laravel/framework/src/Illuminate/Foundation/Exceptions/RegisterErrorViewPaths.php(16): Illuminate\Support\Facades\Facade::__callStatic('replaceNamespac...', Array)
#1 /home/zarghanb/zarghan-baner/vendor/laravel/framework/src/Illuminate/Foundation/Exceptions/Handler.php(598): Illuminate\Foundation\Exceptions\RegisterErrorViewPaths->__invoke()
#2 /home/zarghanb/zarghan-baner/vendor/laravel/framework/src/Illuminate/Foundation/Exceptions/Handler.php(579): Illuminate\Foundation\Exceptions\Handler->registerErrorViewPaths()
#3 /home/zarghanb/zarghan-baner/vendor/laravel/framework/src/Illuminate/Foundation/Exceptions/Handler.php(490): Illuminate\Foundation\Exceptions\Handler->renderHttpException(Object(Symfony\Component\HttpKernel\Exception\HttpException))
#4 /home/zarghanb/zarghan-baner/vendor/laravel/framework/src/Illuminate/Foundation/Exceptions/Handler.php(356): Illuminate\Foundation\Exceptions\Handler->prepareResponse(Object(Illuminate\Http\Request), Object(Symfony\Component\HttpKernel\Exception\HttpException))
#5 /home/zarghanb/zarghan-baner/vendor/laravel/framework/src/Illuminate/Foundation/Http/Kernel.php(427): Illuminate\Foundation\Exceptions\Handler->render(Object(Illuminate\Http\Request), Object(Symfony\Component\Finder\Exception\DirectoryNotFoundException))
#6 /home/zarghanb/zarghan-baner/vendor/laravel/framework/src/Illuminate/Foundation/Http/Kernel.php(115): Illuminate\Foundation\Http\Kernel->renderException(Object(Illuminate\Http\Request), Object(Symfony\Component\Finder\Exception\DirectoryNotFoundException))
#7 /home/zarghanb/public_html/index.php(51): Illuminate\Foundation\Http\Kernel->handle(Object(Illuminate\Http\Request))
#8 {main}
  thrown in /home/zarghanb/zarghan-baner/vendor/laravel/framework/src/Illuminate/Support/Facades/Facade.php on line 258
[22-Sep-2024 10:53:19 UTC] PHP Warning:  require_once(/home/zarghanb/public_html./bootstrap/app.php): Failed to open stream: No such file or directory in /home/zarghanb/public_html/index.php on line 47
[22-Sep-2024 10:53:19 UTC] PHP Fatal error:  Uncaught Error: Failed opening required '/home/zarghanb/public_html./bootstrap/app.php' (include_path='.:/opt/cpanel/ea-php83/root/usr/share/pear') in /home/zarghanb/public_html/index.php:47
Stack trace:
#0 {main}
  thrown in /home/zarghanb/public_html/index.php on line 47
[22-Sep-2024 10:53:38 UTC] PHP Warning:  require(/home/zarghanb/public_html./../vendor/autoload.php): Failed to open stream: No such file or directory in /home/zarghanb/public_html/index.php on line 34
[22-Sep-2024 10:53:38 UTC] PHP Fatal error:  Uncaught Error: Failed opening required '/home/zarghanb/public_html./../vendor/autoload.php' (include_path='.:/opt/cpanel/ea-php83/root/usr/share/pear') in /home/zarghanb/public_html/index.php:34
Stack trace:
#0 {main}
  thrown in /home/zarghanb/public_html/index.php on line 34
[22-Sep-2024 10:53:50 UTC] PHP Warning:  require(/home/zarghanb/public_html./../vendor/autoload.php): Failed to open stream: No such file or directory in /home/zarghanb/public_html/index.php on line 34
[22-Sep-2024 10:53:50 UTC] PHP Fatal error:  Uncaught Error: Failed opening required '/home/zarghanb/public_html./../vendor/autoload.php' (include_path='.:/opt/cpanel/ea-php83/root/usr/share/pear') in /home/zarghanb/public_html/index.php:34
Stack trace:
#0 {main}
  thrown in /home/zarghanb/public_html/index.php on line 34
[22-Sep-2024 10:53:50 UTC] PHP Warning:  require(/home/zarghanb/public_html./../vendor/autoload.php): Failed to open stream: No such file or directory in /home/zarghanb/public_html/index.php on line 34
[22-Sep-2024 10:53:50 UTC] PHP Fatal error:  Uncaught Error: Failed opening required '/home/zarghanb/public_html./../vendor/autoload.php' (include_path='.:/opt/cpanel/ea-php83/root/usr/share/pear') in /home/zarghanb/public_html/index.php:34
Stack trace:
#0 {main}
  thrown in /home/zarghanb/public_html/index.php on line 34
[22-Sep-2024 10:53:51 UTC] PHP Warning:  require(/home/zarghanb/public_html./../vendor/autoload.php): Failed to open stream: No such file or directory in /home/zarghanb/public_html/index.php on line 34
[22-Sep-2024 10:53:51 UTC] PHP Fatal error:  Uncaught Error: Failed opening required '/home/zarghanb/public_html./../vendor/autoload.php' (include_path='.:/opt/cpanel/ea-php83/root/usr/share/pear') in /home/zarghanb/public_html/index.php:34
Stack trace:
#0 {main}
  thrown in /home/zarghanb/public_html/index.php on line 34
[24-Sep-2024 06:45:08 UTC] PHP Warning:  require(/home/zarghanb/public_html./../vendor/autoload.php): Failed to open stream: No such file or directory in /home/zarghanb/public_html/index.php on line 34
[24-Sep-2024 06:45:08 UTC] PHP Fatal error:  Uncaught Error: Failed opening required '/home/zarghanb/public_html./../vendor/autoload.php' (include_path='.:/opt/cpanel/ea-php83/root/usr/share/pear') in /home/zarghanb/public_html/index.php:34
Stack trace:
#0 {main}
  thrown in /home/zarghanb/public_html/index.php on line 34
[24-Sep-2024 06:46:21 UTC] PHP Warning:  require(/home/zarghanb/public_html./../vendor/autoload.php): Failed to open stream: No such file or directory in /home/zarghanb/public_html/index.php on line 34
[24-Sep-2024 06:46:21 UTC] PHP Fatal error:  Uncaught Error: Failed opening required '/home/zarghanb/public_html./../vendor/autoload.php' (include_path='.:/opt/cpanel/ea-php83/root/usr/share/pear') in /home/zarghanb/public_html/index.php:34
Stack trace:
#0 {main}
  thrown in /home/zarghanb/public_html/index.php on line 34
[24-Sep-2024 06:46:22 UTC] PHP Warning:  require(/home/zarghanb/public_html./../vendor/autoload.php): Failed to open stream: No such file or directory in /home/zarghanb/public_html/index.php on line 34
[24-Sep-2024 06:46:22 UTC] PHP Fatal error:  Uncaught Error: Failed opening required '/home/zarghanb/public_html./../vendor/autoload.php' (include_path='.:/opt/cpanel/ea-php83/root/usr/share/pear') in /home/zarghanb/public_html/index.php:34
Stack trace:
#0 {main}
  thrown in /home/zarghanb/public_html/index.php on line 34
[24-Sep-2024 06:46:22 UTC] PHP Warning:  require(/home/zarghanb/public_html./../vendor/autoload.php): Failed to open stream: No such file or directory in /home/zarghanb/public_html/index.php on line 34
[24-Sep-2024 06:46:22 UTC] PHP Fatal error:  Uncaught Error: Failed opening required '/home/zarghanb/public_html./../vendor/autoload.php' (include_path='.:/opt/cpanel/ea-php83/root/usr/share/pear') in /home/zarghanb/public_html/index.php:34
Stack trace:
#0 {main}
  thrown in /home/zarghanb/public_html/index.php on line 34
[24-Sep-2024 06:46:23 UTC] PHP Warning:  require(/home/zarghanb/public_html./../vendor/autoload.php): Failed to open stream: No such file or directory in /home/zarghanb/public_html/index.php on line 34
[24-Sep-2024 06:46:23 UTC] PHP Fatal error:  Uncaught Error: Failed opening required '/home/zarghanb/public_html./../vendor/autoload.php' (include_path='.:/opt/cpanel/ea-php83/root/usr/share/pear') in /home/zarghanb/public_html/index.php:34
Stack trace:
#0 {main}
  thrown in /home/zarghanb/public_html/index.php on line 34
[24-Sep-2024 06:46:23 UTC] PHP Warning:  require(/home/zarghanb/public_html./../vendor/autoload.php): Failed to open stream: No such file or directory in /home/zarghanb/public_html/index.php on line 34
[24-Sep-2024 06:46:23 UTC] PHP Fatal error:  Uncaught Error: Failed opening required '/home/zarghanb/public_html./../vendor/autoload.php' (include_path='.:/opt/cpanel/ea-php83/root/usr/share/pear') in /home/zarghanb/public_html/index.php:34
Stack trace:
#0 {main}
  thrown in /home/zarghanb/public_html/index.php on line 34
[24-Sep-2024 06:46:24 UTC] PHP Warning:  require(/home/zarghanb/public_html./../vendor/autoload.php): Failed to open stream: No such file or directory in /home/zarghanb/public_html/index.php on line 34
[24-Sep-2024 06:46:24 UTC] PHP Fatal error:  Uncaught Error: Failed opening required '/home/zarghanb/public_html./../vendor/autoload.php' (include_path='.:/opt/cpanel/ea-php83/root/usr/share/pear') in /home/zarghanb/public_html/index.php:34
Stack trace:
#0 {main}
  thrown in /home/zarghanb/public_html/index.php on line 34
[24-Sep-2024 06:46:24 UTC] PHP Warning:  require(/home/zarghanb/public_html./../vendor/autoload.php): Failed to open stream: No such file or directory in /home/zarghanb/public_html/index.php on line 34
[24-Sep-2024 06:46:24 UTC] PHP Fatal error:  Uncaught Error: Failed opening required '/home/zarghanb/public_html./../vendor/autoload.php' (include_path='.:/opt/cpanel/ea-php83/root/usr/share/pear') in /home/zarghanb/public_html/index.php:34
Stack trace:
#0 {main}
  thrown in /home/zarghanb/public_html/index.php on line 34
[24-Sep-2024 06:46:24 UTC] PHP Warning:  require(/home/zarghanb/public_html./../vendor/autoload.php): Failed to open stream: No such file or directory in /home/zarghanb/public_html/index.php on line 34
[24-Sep-2024 06:46:24 UTC] PHP Fatal error:  Uncaught Error: Failed opening required '/home/zarghanb/public_html./../vendor/autoload.php' (include_path='.:/opt/cpanel/ea-php83/root/usr/share/pear') in /home/zarghanb/public_html/index.php:34
Stack trace:
#0 {main}
  thrown in /home/zarghanb/public_html/index.php on line 34
[24-Sep-2024 06:46:24 UTC] PHP Warning:  require(/home/zarghanb/public_html./../vendor/autoload.php): Failed to open stream: No such file or directory in /home/zarghanb/public_html/index.php on line 34
[24-Sep-2024 06:46:24 UTC] PHP Fatal error:  Uncaught Error: Failed opening required '/home/zarghanb/public_html./../vendor/autoload.php' (include_path='.:/opt/cpanel/ea-php83/root/usr/share/pear') in /home/zarghanb/public_html/index.php:34
Stack trace:
#0 {main}
  thrown in /home/zarghanb/public_html/index.php on line 34
[24-Sep-2024 06:46:24 UTC] PHP Warning:  require(/home/zarghanb/public_html./../vendor/autoload.php): Failed to open stream: No such file or directory in /home/zarghanb/public_html/index.php on line 34
[24-Sep-2024 06:46:24 UTC] PHP Fatal error:  Uncaught Error: Failed opening required '/home/zarghanb/public_html./../vendor/autoload.php' (include_path='.:/opt/cpanel/ea-php83/root/usr/share/pear') in /home/zarghanb/public_html/index.php:34
Stack trace:
#0 {main}
  thrown in /home/zarghanb/public_html/index.php on line 34
[24-Sep-2024 06:46:24 UTC] PHP Warning:  require(/home/zarghanb/public_html./../vendor/autoload.php): Failed to open stream: No such file or directory in /home/zarghanb/public_html/index.php on line 34
[24-Sep-2024 06:46:24 UTC] PHP Fatal error:  Uncaught Error: Failed opening required '/home/zarghanb/public_html./../vendor/autoload.php' (include_path='.:/opt/cpanel/ea-php83/root/usr/share/pear') in /home/zarghanb/public_html/index.php:34
Stack trace:
#0 {main}
  thrown in /home/zarghanb/public_html/index.php on line 34
[24-Sep-2024 06:46:25 UTC] PHP Warning:  require(/home/zarghanb/public_html./../vendor/autoload.php): Failed to open stream: No such file or directory in /home/zarghanb/public_html/index.php on line 34
[24-Sep-2024 06:46:25 UTC] PHP Fatal error:  Uncaught Error: Failed opening required '/home/zarghanb/public_html./../vendor/autoload.php' (include_path='.:/opt/cpanel/ea-php83/root/usr/share/pear') in /home/zarghanb/public_html/index.php:34
Stack trace:
#0 {main}
  thrown in /home/zarghanb/public_html/index.php on line 34
[24-Sep-2024 06:46:25 UTC] PHP Warning:  require(/home/zarghanb/public_html./../vendor/autoload.php): Failed to open stream: No such file or directory in /home/zarghanb/public_html/index.php on line 34
[24-Sep-2024 06:46:25 UTC] PHP Fatal error:  Uncaught Error: Failed opening required '/home/zarghanb/public_html./../vendor/autoload.php' (include_path='.:/opt/cpanel/ea-php83/root/usr/share/pear') in /home/zarghanb/public_html/index.php:34
Stack trace:
#0 {main}
  thrown in /home/zarghanb/public_html/index.php on line 34
[24-Sep-2024 06:46:25 UTC] PHP Warning:  require(/home/zarghanb/public_html./../vendor/autoload.php): Failed to open stream: No such file or directory in /home/zarghanb/public_html/index.php on line 34
[24-Sep-2024 06:46:25 UTC] PHP Fatal error:  Uncaught Error: Failed opening required '/home/zarghanb/public_html./../vendor/autoload.php' (include_path='.:/opt/cpanel/ea-php83/root/usr/share/pear') in /home/zarghanb/public_html/index.php:34
Stack trace:
#0 {main}
  thrown in /home/zarghanb/public_html/index.php on line 34
